\BOOKMARK [0][]{section*.2}{\376\377\000\040\000A\000n\000a\000l\000y\000s\000i\000s\000\040\000N\000o\000t\000e\000:\000\040\000\040\000A\000n\000t\000i\000-\000f\000l\000o\000w\000\040\000o\000f\000\040\000K\000a\000o\000n\000s\000\040\000i\000n\000\040\000A\000u\000+\000A\000u\000\040\000C\000o\000l\000l\000i\000s\000i\000o\000n\000s\000\040\000a\000t\000\040\000s\000N\000N\000\040\000=\000\040\0003\000\040\000-\000\040\0003\000.\0009\000\040\000G\000e\000V\000\040}{}% 2
\BOOKMARK [1][]{section*.1}{\376\377\000A\000b\000s\000t\000r\000a\000c\000t}{section*.2}% 1
\BOOKMARK [1][]{section*.3}{\376\377\000\040\000C\000o\000n\000t\000e\000n\000t\000s}{section*.2}% 3
\BOOKMARK [1][]{section*.4}{\376\377\0001\000\040\000A\000n\000a\000l\000y\000s\000i\000s\000\040\000s\000e\000t\000u\000p}{section*.2}% 4
\BOOKMARK [2][]{section*.5}{\376\377\0001\000.\0001\000\040\000I\000n\000t\000r\000o\000d\000u\000c\000t\000i\000o\000n\000\040\000o\000f\000\040\000F\000X\000T}{section*.4}% 5
\BOOKMARK [2][]{section*.6}{\376\377\0001\000.\0002\000\040\000D\000a\000t\000a\000s\000e\000t\000\040\000a\000n\000d\000\040\000e\000v\000e\000n\000t\000\040\000s\000e\000l\000e\000c\000t\000i\000o\000n}{section*.4}% 6
\BOOKMARK [2][]{section*.7}{\376\377\0001\000.\0003\000\040\000B\000a\000d\000r\000u\000n\000\040\000r\000e\000j\000e\000c\000t\000i\000o\000n\000\040\000a\000n\000d\000\040\000c\000e\000n\000t\000r\000a\000l\000i\000t\000y\000\040\000d\000e\000t\000e\000r\000m\000i\000n\000a\000t\000i\000o\000n}{section*.4}% 7
\BOOKMARK [2][]{section*.8}{\376\377\0001\000.\0004\000\040\000B\000a\000s\000i\000c\000\040\000t\000r\000a\000c\000k\000\040\000s\000e\000l\000e\000c\000t\000i\000o\000n}{section*.4}% 8
\BOOKMARK [1][]{section*.9}{\376\377\0002\000\040\000A\000n\000a\000l\000y\000s\000i\000s\000\040\000m\000e\000t\000h\000o\000d}{section*.2}% 9
\BOOKMARK [2][]{section*.10}{\376\377\0002\000.\0001\000\040\000E\000v\000e\000n\000t\000\040\000p\000l\000a\000n\000e\000\040\000r\000e\000c\000o\000n\000s\000t\000r\000u\000c\000t\000i\000o\000n}{section*.9}% 10
\BOOKMARK [3][]{section*.11}{\376\377\0002\000.\0001\000.\0001\000\040\000R\000e\000c\000e\000n\000t\000e\000r\000i\000n\000g\000\040\000c\000o\000r\000r\000e\000c\000t\000i\000o\000n}{section*.10}% 11
\BOOKMARK [3][]{section*.12}{\376\377\0002\000.\0001\000.\0002\000\040\000S\000h\000i\000f\000t\000i\000n\000g\000\040\000c\000o\000r\000r\000e\000c\000t\000i\000o\000n}{section*.10}% 12
\BOOKMARK [3][]{section*.13}{\376\377\0002\000.\0001\000.\0003\000\040\000E\000v\000e\000n\000t\000\040\000p\000l\000a\000n\000e\000\040\000r\000e\000s\000o\000l\000u\000t\000i\000o\000n}{section*.10}% 13
\BOOKMARK [2][]{section*.14}{\376\377\0002\000.\0002\000\040\000P\000a\000r\000t\000i\000c\000l\000e\000\040\000i\000d\000e\000n\000t\000i\000f\000i\000c\000a\000t\000i\000o\000n}{section*.9}% 14
\BOOKMARK [3][]{section*.15}{\376\377\0002\000.\0002\000.\0001\000\040\000,\000\040\000K\000,\000\040\000p\000\040\000i\000d\000e\000n\000t\000i\000f\000i\000c\000a\000t\000i\000o\000n}{section*.14}% 15
\BOOKMARK [3][]{section*.16}{\376\377\0002\000.\0002\000.\0002\000\040\000K\0000\000S\000,\000\040\000\040\000i\000d\000e\000n\000t\000i\000f\000i\000c\000a\000t\000i\000o\000n}{section*.14}% 16
\BOOKMARK [2][]{section*.17}{\376\377\0002\000.\0003\000\040\000E\000f\000f\000i\000c\000i\000e\000n\000c\000y\000\040\000c\000o\000r\000r\000e\000c\000t\000i\000o\000n}{section*.9}% 17
\BOOKMARK [1][]{section*.18}{\376\377\0003\000\040\000R\000e\000s\000u\000l\000t\000s}{section*.2}% 18
\BOOKMARK [2][]{section*.19}{\376\377\0003\000.\0001\000\040\000D\000i\000r\000e\000c\000t\000e\000d\000\040\000f\000l\000o\000w\000\040\000o\000f\000\040\000,\000\040\000K\000,\000\040\000p}{section*.18}% 19
\BOOKMARK [3][]{section*.20}{\376\377\0003\000.\0001\000.\0001\000\040\000R\000a\000p\000i\000d\000i\000t\000y\000\040\000d\000e\000p\000e\000n\000d\000e\000n\000c\000e\000\040\000o\000f\000\040\000v\0001}{section*.19}% 20
\BOOKMARK [3][]{section*.21}{\376\377\0003\000.\0001\000.\0002\000\040\000T\000r\000a\000n\000s\000v\000e\000r\000s\000e\000\040\000m\000o\000m\000e\000n\000t\000u\000m\000\040\000d\000e\000p\000e\000n\000d\000e\000n\000c\000e\000\040\000o\000f\000\040\000v\0001\000\050\000y\000\051}{section*.19}% 21
\BOOKMARK [3][]{section*.22}{\376\377\0003\000.\0001\000.\0003\000\040\000S\000y\000s\000t\000e\000m\000a\000t\000i\000c\000\040\000u\000n\000c\000e\000r\000t\000a\000i\000n\000t\000y}{section*.19}% 22
\BOOKMARK [2][]{section*.23}{\376\377\0003\000.\0002\000\040\000D\000i\000r\000e\000c\000t\000e\000d\000\040\000f\000l\000o\000w\000\040\000o\000f\000\040\000K\0000\000S\000,\000\040}{section*.18}% 23
\BOOKMARK [3][]{section*.24}{\376\377\0003\000.\0002\000.\0001\000\040\000R\000a\000p\000i\000d\000i\000t\000y\000\040\000d\000e\000p\000e\000n\000d\000e\000n\000c\000e\000\040\000o\000f\000\040\000v\0001}{section*.23}% 24
\BOOKMARK [3][]{section*.25}{\376\377\0003\000.\0002\000.\0002\000\040\000T\000r\000a\000n\000s\000v\000e\000r\000s\000e\000\040\000m\000o\000m\000e\000n\000t\000u\000m\000\040\000d\000e\000p\000e\000n\000d\000e\000n\000c\000e\000\040\000o\000f\000\040\000v\0001\000\050\000y\000\051}{section*.23}% 25
\BOOKMARK [3][]{section*.26}{\376\377\0003\000.\0002\000.\0003\000\040\000S\000y\000s\000t\000e\000m\000a\000t\000i\000c\000\040\000u\000n\000c\000e\000r\000t\000a\000i\000n\000t\000y}{section*.23}% 26
\BOOKMARK [1][]{section*.27}{\376\377\0004\000\040\000S\000u\000m\000m\000a\000r\000y}{section*.2}% 27
\BOOKMARK [1][]{section*.28}{\376\377\000A\000\040\000A\000p\000p\000e\000n\000d\000i\000x}{section*.2}% 28
\BOOKMARK [1][]{section*.29}{\376\377\000B\000\040\000P\000I\000D\000\040\000c\000u\000t\000s\000\040\000a\000n\000d\000\040\000a\000c\000c\000e\000p\000t\000a\000n\000c\000e\000\040\000p\000l\000o\000t\000s}{section*.2}% 29
\BOOKMARK [1][]{section*.30}{\376\377\000C\000\040\000v\0001\000\040\000p\000l\000o\000t\000s\000\040\000f\000o\000r\000\040\000o\000t\000h\000e\000r\000\040\000e\000n\000e\000r\000g\000i\000e\000s}{section*.2}% 30
\BOOKMARK [1][]{section*.31}{\376\377\000\040\000R\000e\000f\000e\000r\000e\000n\000c\000e\000s}{section*.2}% 31
